[-0.000][INFO]:     ChromeDriver 26.0.1383.0 C:\chromedriver.exe
[1.349][FINE]:      Initializing session with capabilities {
   "browserName": "chrome",
   "chrome.switches": [  ],
   "chromeOptions": {
      "args": [  ],
      "extensions": [  ]
   },
   "platform": "ANY",
   "version": ""
}

[1.350][INFO]:      Launching chrome: "C:\Program Files (x86)\Google\Chrome\Application\chrome.exe" --disable-hang-monitor --disable-prompt-on-repost --dom-automation --full-memory-crash-report --no-default-browser-check --no-first-run --disable-background-networking --disable-sync --disable-translate --disable-web-resources --safebrowsing-disable-auto-update --safebrowsing-disable-download-protection --disable-client-side-phishing-detection --disable-component-update --disable-default-apps --enable-logging --log-level=1 --ignore-certificate-errors about:blank
[3.187][INFO]:      Connected to Chrome successfully. Version: 27.0.1453.116
[3.330][FINE]:      Command received (/session/2fca362843c01eda4bc77a8ba18b7150)
[3.331][FINE]:      Command finished (/session/2fca362843c01eda4bc77a8ba18b7150) with response {
   "sessionId": "2fca362843c01eda4bc77a8ba18b7150",
   "status": 0,
   "value": {
      "acceptSslCerts": false,
      "applicationCacheEnabled": false,
      "browserConnectionEnabled": false,
      "browserName": "chrome",
      "chrome.chromedriverVersion": "26.0.1383.0",
      "cssSelectorsEnabled": true,
      "databaseEnabled": false,
      "handlesAlerts": true,
      "javascriptEnabled": true,
      "locationContextEnabled": false,
      "nativeEvents": true,
      "platform": "windows",
      "rotatable": false,
      "takesScreenshot": true,
      "version": "27.0.1453.116",
      "webStorageEnabled": true
   }
}

[3.405][FINE]:      Command received (/session/2fca362843c01eda4bc77a8ba18b7150/url) with params {
   "url": "https://www.google.com.br/"
}

[3.405][FINER]:     Waiting for all views to stop loading...
[3.406][FINER]:     Done waiting for all views to stop loading
[6.982][FINER]:     Waiting for all views to stop loading...
[6.984][FINER]:     Done waiting for all views to stop loading
[6.984][FINE]:      Command finished (/session/2fca362843c01eda4bc77a8ba18b7150/url) with response {
   "sessionId": "2fca362843c01eda4bc77a8ba18b7150",
   "status": 0,
   "value": {

   }
}

